[2023-01-15 21:24:34] Read books.bin
[2023-01-15 21:24:34] Read employee.bin
[2023-01-15 21:24:34] Read customers.bin
[2023-01-15 21:24:37] Read username and password
[2023-01-15 21:24:37] User logged in
[2023-01-15 21:24:37] Login successful
[2023-01-15 21:24:38] Searching for a book
[2023-01-15 21:24:41] Searched book by ID
[2023-01-15 21:24:46] Searched book by author
[2023-01-15 21:24:50] Searched book by author
[2023-01-15 21:24:55] Searched book by price smaller than
[2023-01-15 21:25:00] Searched book by bestseller
[2023-01-15 21:25:16] Searched book by publish year greater than
[2023-01-15 21:25:22] Searched book by publish year smaller than
[2023-01-15 21:25:29] Searched book by category
[2023-01-15 21:25:37] Searched book by category
[2023-01-15 21:25:46] Searched book by author name and book's title
[2023-01-15 21:25:54] Adding a new book
[2023-01-15 21:25:56] Book id already exists.
[2023-01-15 21:26:25] Added new book successfuly.
[2023-01-15 21:26:27] Wrote the changes to the books file
[2023-01-15 21:26:31] Adding a new employee.
[2023-01-15 21:26:39] Employee added successfuly.
[2023-01-15 21:26:39] Wrote the changes to the employees file
[2023-01-15 21:26:45] Deleting a book.
[2023-01-15 21:26:51] Book removed successfuly.
[2023-01-15 21:26:53] Wrote the changes to the employees file
[2023-01-15 21:26:57] Customer found.
[2023-01-15 21:26:57] Printed items list.
[2023-01-15 21:27:00] Printing customers orders
[2023-01-15 21:27:04] Deleting a Customer
[2023-01-15 21:27:10] Customer removed from the customers list.
[2023-01-15 21:27:13] Wrote the changes to the customers file
[2023-01-15 21:27:19] Customer found.
[2023-01-15 21:27:19] Printed items list.
[2023-01-15 21:27:20] Printing customers orders
[2023-01-15 21:27:25] Removing an employee.
[2023-01-15 21:27:29] Trying to remove the admin.
[2023-01-15 21:27:36] Employee Deleted Successfuly.
[2023-01-15 21:27:37] Wrote the changes to the employees file
[2023-01-15 21:27:45] Changing a discount level for a customer
[2023-01-15 21:27:51] Customer discount updated.
[2023-01-15 21:27:53] Wrote the changes to the customers file
[2023-01-15 21:27:58] Editing a book details
[2023-01-15 21:28:08] Book price changed successfuly.
[2023-01-15 21:28:38] Wrote the changes to the books file
[2023-01-15 21:29:36] Logging out and exit ..
[2023-01-15 21:31:41] Read books.bin
[2023-01-15 21:31:41] Read employee.bin
[2023-01-15 21:31:41] Read customers.bin
[2023-01-15 21:31:46] Read username and password
[2023-01-15 21:31:46] User logged in
[2023-01-15 21:31:46] Login successful
[2023-01-15 21:31:51] Editing a book details
[2023-01-15 21:31:54] Wrote the changes to the books file
[2023-01-15 21:31:57] Editing a book details
[2023-01-15 21:32:07] Book bestseller changed successfuly.
[2023-01-15 21:32:10] Book quantity changed successfuly.
[2023-01-15 21:32:12] Wrote the changes to the books file
[2023-01-15 21:32:14] Logging out and exit ..
[2023-01-15 21:33:03] Read books.bin
[2023-01-15 21:33:03] Read employee.bin
[2023-01-15 21:33:03] Read customers.bin
[2023-01-15 21:33:06] Read username and password
[2023-01-15 21:33:06] User logged in
[2023-01-15 21:33:06] Login successful
[2023-01-15 21:33:08] Editing a book details
[2023-01-15 21:33:22] Book bestseller changed successfuly.
[2023-01-15 21:33:36] Wrote the changes to the books file
[2023-01-15 21:33:39] Editing a book details
[2023-01-15 21:33:49] Book bestseller changed successfuly.
[2023-01-15 21:33:50] Wrote the changes to the books file
[2023-01-15 21:33:54] Editing a book details
[2023-01-15 21:34:01] Book bestseller changed successfuly.
[2023-01-15 21:34:02] Wrote the changes to the books file
[2023-01-15 21:34:03] Editing a book details
[2023-01-15 21:34:41] Read books.bin
[2023-01-15 21:34:41] Read employee.bin
[2023-01-15 21:34:41] Read customers.bin
[2023-01-15 21:34:43] Read username and password
[2023-01-15 21:34:43] User logged in
[2023-01-15 21:34:43] Login successful
[2023-01-15 21:34:44] Editing a book details
[2023-01-15 21:34:46] Book price changed successfuly.
[2023-01-15 21:34:51] Book price changed successfuly.
[2023-01-15 21:34:53] Book price changed successfuly.
[2023-01-15 21:34:54] Book price changed successfuly.
[2023-01-15 21:34:54] Book price changed successfuly.
[2023-01-15 21:34:56] Wrote the changes to the books file
[2023-01-15 21:34:58] Logging out and exit ..
[2023-01-15 21:35:06] Read books.bin
[2023-01-15 21:35:06] Read employee.bin
[2023-01-15 21:35:06] Read customers.bin
[2023-01-15 21:35:08] Read username and password
[2023-01-15 21:35:08] User logged in
[2023-01-15 21:35:08] Login successful
[2023-01-15 21:35:09] Editing a book details
[2023-01-15 21:35:11] Book price changed successfuly.
[2023-01-15 21:35:14] Book price changed successfuly.
[2023-01-15 21:35:14] Book price changed successfuly.
[2023-01-15 21:35:15] Book price changed successfuly.
[2023-01-15 21:35:15] Book price changed successfuly.
[2023-01-15 21:35:15] Book price changed successfuly.
[2023-01-15 21:35:15] Book price changed successfuly.
[2023-01-15 21:35:16] Book price changed successfuly.
[2023-01-15 21:35:16] Book price changed successfuly.
[2023-01-15 21:35:29] Read books.bin
[2023-01-15 21:35:29] Read employee.bin
[2023-01-15 21:35:29] Read customers.bin
[2023-01-15 21:35:33] Read username and password
[2023-01-15 21:35:33] User logged in
[2023-01-15 21:35:33] Login successful
[2023-01-15 21:35:34] Editing a book details
[2023-01-15 21:35:40] Book price changed successfuly.
[2023-01-15 21:35:49] Wrote the changes to the books file
[2023-01-15 21:35:51] Editing a book details
[2023-01-15 21:36:26] Read books.bin
[2023-01-15 21:36:26] Read employee.bin
[2023-01-15 21:36:26] Read customers.bin
[2023-01-15 21:36:29] Read username and password
[2023-01-15 21:36:29] User logged in
[2023-01-15 21:36:29] Login successful
[2023-01-15 21:36:30] Editing a book details
[2023-01-15 21:36:34] Book price changed successfuly.
[2023-01-15 21:36:36] Wrote the changes to the books file
[2023-01-15 21:36:38] Editing a book details
[2023-01-15 21:36:51] Wrote the changes to the books file
[2023-01-15 21:36:53] Logging out and exit ..
[2023-01-15 22:25:27] Read books.bin
[2023-01-15 22:25:27] Read employee.bin
[2023-01-15 22:25:27] Read customers.bin
[2023-01-15 22:25:30] Read username and password
[2023-01-15 22:25:30] User logged in
[2023-01-15 22:25:30] Login successful
[2023-01-15 22:25:31] Searching for a book
[2023-01-15 22:25:33] Searched book by ID
[2023-01-15 22:25:39] Searched book by ID
[2023-01-15 22:25:43] Logging out and exit ..
[2023-01-16 13:21:04] Read books.bin
[2023-01-16 13:21:04] Read employee.bin
[2023-01-16 13:21:04] Read customers.bin
[2023-01-16 13:21:08] Read username and password
[2023-01-16 13:21:08] User logged in
[2023-01-16 13:21:08] Login successful
[2023-01-16 13:21:09] Searching for a book
[2023-01-16 13:21:10] Searched book by ID
[2023-01-16 13:21:17] Searched book by ID
[2023-01-16 13:21:21] Logging out and exit ..
[2023-01-16 13:48:53] Read books.bin
[2023-01-16 13:48:53] Read employee.bin
[2023-01-16 13:48:53] Read customers.bin
[2023-01-16 13:48:59] Read username and password
[2023-01-16 13:48:59] User logged in
[2023-01-16 13:48:59] Login successful
[2023-01-16 13:49:04] Logging out and exit ..
[2023-01-16 14:15:07] Read books.bin
[2023-01-16 14:15:07] Read employee.bin
[2023-01-16 14:15:07] Read customers.bin
[2023-01-16 14:15:10] Read username and password
[2023-01-16 14:15:10] User logged in
[2023-01-16 14:15:10] Login successful
[2023-01-16 14:15:11] Logging out and exit ..
[2023-01-16 14:29:04] Read books.bin
[2023-01-16 14:29:04] Read employee.bin
[2023-01-16 14:29:04] Read customers.bin
[2023-01-16 14:29:07] Read username and password
[2023-01-16 14:29:07] User logged in
[2023-01-16 14:29:07] Login successful
[2023-01-16 14:29:09] Creating a new order
[2023-01-16 14:29:20] Order Item created successfully
[2023-01-16 14:29:20] New item added to the items list
[2023-01-16 14:29:20] Item added succesfuly to the order.
[2023-01-16 14:29:37] Order Item created successfully
[2023-01-16 14:29:37] New item added to the items list
[2023-01-16 14:29:37] Item added succesfuly to the order.
[2023-01-16 14:29:39] The total price of the order was changed.
[2023-01-16 14:29:39] Order created successfuly.
[2023-01-16 14:29:39] Printed items list.
[2023-01-16 14:29:46] Wrote the changes to the customers file
[2023-01-16 14:29:46] Wrote the changes to the books file
[2023-01-16 14:29:55] Customer found.
[2023-01-16 14:29:55] Printed items list.
[2023-01-16 14:29:55] Printed items list.
[2023-01-16 14:30:47] Printing customers orders
[2023-01-16 14:30:51] Customer found.
[2023-01-16 14:30:51] Printed items list.
[2023-01-16 14:30:53] Printing customers orders
[2023-01-16 14:30:57] Customer found.
[2023-01-16 14:30:57] Printed items list.
[2023-01-16 14:30:57] Printed items list.
[2023-01-16 14:31:00] Printing customers orders
[2023-01-16 14:31:15] Deleting a Customer
[2023-01-16 14:31:21] Customer removed from the customers list.
[2023-01-16 14:31:25] Customer removed from the customers list.
[2023-01-16 14:31:25] Customer's not found.
[2023-01-16 14:31:27] Wrote the changes to the customers file
[2023-01-16 14:31:32] Customer's not found.
[2023-01-16 14:31:34] Printing customers orders
[2023-01-16 14:31:36] Customer's not found.
[2023-01-16 14:31:37] Printing customers orders
[2023-01-16 14:31:51] Searching for a book
[2023-01-16 14:31:57] Searched book by price greater than
[2023-01-16 14:32:20] Creating a new order
[2023-01-16 14:32:21] Customer doesn't exists.
[2023-01-16 14:32:23] Customer created.
[2023-01-16 14:32:31] Order Item created successfully
[2023-01-16 14:32:31] New item added to the items list
[2023-01-16 14:32:31] Item added succesfuly to the order.
[2023-01-16 14:32:35] Order Item created successfully
[2023-01-16 14:32:35] New item added to the items list
[2023-01-16 14:32:35] Item added succesfuly to the order.
[2023-01-16 14:32:37] The total price of the order was changed.
[2023-01-16 14:32:37] Order created successfuly.
[2023-01-16 14:32:37] Printed items list.
[2023-01-16 14:32:39] Wrote the changes to the customers file
[2023-01-16 14:32:39] Wrote the changes to the books file
[2023-01-16 14:32:41] Customer found.
[2023-01-16 14:32:41] Printed items list.
[2023-01-16 14:32:42] Printing customers orders
[2023-01-16 14:32:45] Customer found.
[2023-01-16 14:32:45] Printed items list.
[2023-01-16 14:32:46] Printing customers orders
[2023-01-16 14:32:48] Deleting a Customer
[2023-01-16 14:32:51] Wrote the changes to the customers file
[2023-01-01 14:33:11] Creating a new order
[2023-01-01 14:33:18] Order Item created successfully
[2023-01-01 14:33:18] New item added to the items list
[2023-01-01 14:33:18] Item added succesfuly to the order.
[2023-01-01 14:33:19] The total price of the order was changed.
[2023-01-01 14:33:20] Order created successfuly.
[2023-01-01 14:33:20] Printed items list.
[2023-01-01 14:33:23] Wrote the changes to the customers file
[2023-01-01 14:33:23] Wrote the changes to the books file
[2023-01-01 14:33:25] Customer found.
[2023-01-01 14:33:25] Printed items list.
[2023-01-01 14:33:25] Printed items list.
[2023-01-01 14:34:21] Printing customers orders
[2023-01-01 14:34:25] Deleting a Customer
[2023-01-01 14:34:31] Wrote the changes to the customers file
[2023-01-01 14:34:33] Logging out and exit ..
[2023-01-01 14:34:45] Read books.bin
[2023-01-01 14:34:45] Read employee.bin
[2023-01-01 14:34:51] Read customers.bin
[2023-01-01 14:34:55] Read username and password
[2023-01-01 14:34:55] User logged in
[2023-01-01 14:34:55] Login successful
[2023-01-01 14:35:03] Customer found.
[2023-01-01 14:35:05] Printed items list.
[2023-01-01 14:35:05] Printed items list.
[2023-01-01 14:35:58] Read books.bin
[2023-01-01 14:35:58] Read employee.bin
[2023-01-01 14:36:00] Read customers.bin
[2023-01-01 14:36:03] Read username and password
[2023-01-01 14:36:03] User logged in
[2023-01-01 14:36:03] Login successful
[2023-01-01 14:36:09] Customer found.
[2023-01-01 14:37:27] Read books.bin
[2023-01-01 14:37:27] Read employee.bin
[2023-01-01 14:37:30] Read customers.bin
[2023-01-01 14:37:32] Read username and password
[2023-01-01 14:37:32] User logged in
[2023-01-01 14:37:32] Login successful
[2023-01-01 14:37:45] Customer found.
[2023-01-01 14:37:46] Printed items list.
[2023-01-01 14:37:46] Printed items list.
[2023-01-01 14:38:14] Printing customers orders
[2023-01-01 14:38:23] Customer found.
[2023-01-01 14:38:50] Read books.bin
[2023-01-01 14:38:50] Read employee.bin
[2023-01-01 14:38:54] Read customers.bin
[2023-01-01 14:38:58] Read username and password
[2023-01-01 14:38:58] User logged in
[2023-01-01 14:38:58] Login successful
[2023-01-01 14:39:03] Customer found.
[2023-01-01 14:39:05] Printed items list.
[2023-01-01 14:39:05] Printed items list.
[2023-01-01 14:39:08] Printing customers orders
[2023-01-01 14:39:13] Customer found.
[2023-01-01 14:40:10] Read books.bin
[2023-01-01 14:40:10] Read employee.bin
[2023-01-01 14:40:10] Read customers.bin
[2023-01-01 14:40:13] Read username and password
[2023-01-01 14:40:13] User logged in
[2023-01-01 14:40:13] Login successful
[2023-01-01 14:40:14] Customer found.
[2023-01-01 14:40:14] Printed items list.
[2023-01-01 14:40:14] Printed items list.
[2023-01-01 14:40:17] Printing customers orders
[2023-01-01 14:40:18] Logging out and exit ..
[2023-01-16 14:43:28] Read books.bin
[2023-01-16 14:43:28] Read employee.bin
[2023-01-16 14:43:28] Read customers.bin
[2023-01-16 14:43:33] Read username and password
[2023-01-16 14:43:33] User logged in
[2023-01-16 14:43:33] Login successful
[2023-01-16 14:43:35] Customer found.
[2023-01-16 14:43:35] Printed items list.
[2023-01-16 14:43:35] Printed items list.
[2023-01-16 14:43:37] Printing customers orders
[2023-01-16 14:43:39] Logging out and exit ..
[2023-01-16 14:43:46] Read books.bin
[2023-01-16 14:43:46] Read employee.bin
[2023-01-16 14:43:49] Read customers.bin
[2023-01-16 14:43:53] Read username and password
[2023-01-16 14:43:53] User logged in
[2023-01-16 14:43:53] Login successful
[2023-01-16 14:44:03] Customer found.
[2023-01-16 14:44:44] Printed items list.
[2023-01-16 14:46:06] Read books.bin
[2023-01-16 14:46:06] Read employee.bin
[2023-01-16 14:46:08] Read customers.bin
[2023-01-16 14:46:13] Read username and password
[2023-01-16 14:46:13] User logged in
[2023-01-16 14:46:13] Login successful
[2023-01-16 14:46:22] Customer found.
[2023-01-16 14:52:49] Read books.bin
[2023-01-16 14:52:49] Read employee.bin
[2023-01-16 14:52:57] Read customers.bin
[2023-01-16 14:53:00] Read username and password
[2023-01-16 14:53:00] User logged in
[2023-01-16 14:53:00] Login successful
[2023-01-16 14:53:12] Customer found.
[2023-01-16 14:53:21] Printed items list.
[2023-01-16 14:53:37] Printed items list.
[2023-01-16 14:53:46] Printing customers orders
[2023-01-16 14:53:51] Logging out and exit ..
[2023-01-16 14:53:57] Read books.bin
[2023-01-16 14:53:57] Read employee.bin
[2023-01-16 14:53:57] Read customers.bin
[2023-01-16 14:54:02] Read username and password
[2023-01-16 14:54:02] User logged in
[2023-01-16 14:54:02] Login successful
[2023-01-16 14:54:03] Customer found.
[2023-01-16 14:54:03] Printed items list.
[2023-01-16 14:54:03] Printed items list.
[2023-01-16 14:55:13] Printing customers orders
[2023-01-16 14:55:15] Refunding an item
[2023-01-16 14:55:21] Order was found in the list
[2023-01-16 14:55:28] Item was found in the list
[2023-01-16 14:55:31] The total price of the order was changed.
[2023-01-16 14:55:31] Item refunded from the Order.
[2023-01-16 14:55:32] Wrote the changes to the books file
[2023-01-16 14:55:32] Wrote the changes to the customers file
[2023-01-16 14:55:40] Customer found.
[2023-01-16 14:55:40] Printed items list.
[2023-01-16 14:55:40] Printed items list.
[2023-01-16 14:56:02] Printing customers orders
[2023-01-16 14:56:05] Refunding an item
[2023-01-16 14:56:08] Order was found in the list
[2023-01-16 14:56:12] Item was found in the list
[2023-01-16 14:56:12] More than 14 days.
[2023-01-16 14:56:13] Wrote the changes to the books file
[2023-01-16 14:56:13] Wrote the changes to the customers file
[2023-01-16 14:56:15] Refunding an item
[2023-01-16 14:56:19] Order was found in the list
[2023-01-16 14:56:28] Item was found in the list
[2023-01-16 14:56:28] More than 14 days.
[2023-01-16 14:56:29] Wrote the changes to the books file
[2023-01-16 14:56:29] Wrote the changes to the customers file
[2023-01-16 14:58:28] Refunding an item
[2023-01-16 14:58:33] Order was found in the list
[2023-01-16 14:58:35] Item was found in the list
[2023-01-16 14:58:37] Quantity invalid.
[2023-01-16 14:58:38] Wrote the changes to the books file
[2023-01-16 14:58:38] Wrote the changes to the customers file
[2023-01-16 14:58:41] Refunding an item
[2023-01-16 14:58:50] Order was found in the list
[2023-01-16 14:58:52] Item was found in the list
[2023-01-16 14:58:58] The total price of the order was changed.
[2023-01-16 14:58:58] Item refunded from the Order.
[2023-01-16 14:58:59] Wrote the changes to the books file
[2023-01-16 14:58:59] Wrote the changes to the customers file
[2023-01-16 14:59:03] Customer found.
[2023-01-16 14:59:03] Printed items list.
[2023-01-16 14:59:03] Printed items list.
[2023-01-16 14:59:26] Printing customers orders
[2023-01-16 14:59:27] Logging out and exit ..
[2023-01-16 15:05:06] Read books.bin
[2023-01-16 15:05:06] Read employee.bin
[2023-01-16 15:05:06] Read customers.bin
[2023-01-16 15:05:09] Read username and password
[2023-01-16 15:05:09] User logged in
[2023-01-16 15:05:09] Login successful
[2023-01-16 15:05:12] Customer found.
[2023-01-16 15:05:12] Printed items list.
[2023-01-16 15:05:12] Printed items list.
[2023-01-16 15:05:18] Printing customers orders
[2023-01-16 15:05:22] Refunding an item
[2023-01-16 15:05:24] Order was found in the list
[2023-01-16 15:05:25] Item was found in the list
[2023-01-16 15:05:26] The total price of the order was changed.
[2023-01-16 15:05:26] Item refunded from the Order.
[2023-01-16 15:05:27] Wrote the changes to the books file
[2023-01-16 15:05:27] Wrote the changes to the customers file
[2023-01-16 15:05:29] Customer found.
[2023-01-16 15:05:29] Printed items list.
[2023-01-16 15:05:29] Printed items list.
[2023-01-16 15:07:35] Read books.bin
[2023-01-16 15:07:35] Read employee.bin
[2023-01-16 15:07:35] Read customers.bin
[2023-01-16 15:07:38] Read username and password
[2023-01-16 15:07:38] User logged in
[2023-01-16 15:07:38] Login successful
[2023-01-16 15:07:39] Refunding an item
[2023-01-16 15:07:45] Order was found in the list
[2023-01-16 15:07:48] Item wasn't found in the list
[2023-01-16 15:07:48] Item doesn't exists.
[2023-01-16 15:07:49] Wrote the changes to the books file
[2023-01-16 15:07:49] Wrote the changes to the customers file
[2023-01-16 15:07:51] Deleting a Customer
[2023-01-16 15:07:55] Wrote the changes to the customers file
[2023-01-16 15:07:57] Customer found.
[2023-01-16 15:07:57] Printed items list.
[2023-01-16 15:07:57] Printed items list.
[2023-01-16 15:08:02] Printing customers orders
[2023-01-16 15:08:04] Refunding an item
[2023-01-16 15:08:05] Order wasn't found in the list
[2023-01-16 15:08:05] Order doesn't exists.
[2023-01-16 15:08:06] Wrote the changes to the books file
[2023-01-16 15:08:06] Wrote the changes to the customers file
[2023-01-16 15:08:10] Refunding an item
[2023-01-16 15:08:14] Order was found in the list
[2023-01-16 15:08:15] Item was found in the list
[2023-01-16 15:08:18] The total price of the order was changed.
[2023-01-16 15:08:18] Item refunded from the Order.
[2023-01-16 15:08:19] Wrote the changes to the books file
[2023-01-16 15:08:19] Wrote the changes to the customers file
[2023-01-16 15:08:21] Customer found.
[2023-01-16 15:08:21] Printed items list.
[2023-01-16 15:08:21] Printed items list.
[2023-01-16 15:10:07] Read books.bin
[2023-01-16 15:10:07] Read employee.bin
[2023-01-16 15:10:17] Read customers.bin
[2023-01-16 15:10:20] Read username and password
[2023-01-16 15:10:20] User logged in
[2023-01-16 15:10:20] Login successful
[2023-01-16 15:10:28] Customer found.
[2023-01-16 15:10:30] Printed items list.
[2023-01-16 15:10:30] Printed items list.
[2023-01-16 15:10:41] Printing customers orders
[2023-01-16 15:10:47] Refunding an item
[2023-01-16 15:11:18] Order was found in the list
[2023-01-16 15:12:52] Item was found in the list
[2023-01-16 15:14:01] Read books.bin
[2023-01-16 15:14:01] Read employee.bin
[2023-01-16 15:14:02] Read customers.bin
[2023-01-16 15:14:06] Read username and password
[2023-01-16 15:14:06] User logged in
[2023-01-16 15:14:06] Login successful
[2023-01-16 15:14:10] Refunding an item
[2023-01-16 15:14:17] Order was found in the list
[2023-01-16 15:14:26] Item was found in the list
[2023-01-16 15:17:15] The total price of the order was changed.
[2023-01-16 15:17:30] Item refunded from the Order.
[2023-01-16 15:18:03] Wrote the changes to the books file
[2023-01-16 15:18:03] Wrote the changes to the customers file
[2023-01-16 15:18:08] Customer found.
[2023-01-16 15:18:10] Printed items list.
[2023-01-16 15:18:10] Printed items list.
[2023-01-16 15:20:25] Read books.bin
[2023-01-16 15:20:25] Read employee.bin
[2023-01-16 15:20:25] Read customers.bin
[2023-01-16 15:20:29] Read username and password
[2023-01-16 15:20:29] User logged in
[2023-01-16 15:20:29] Login successful
[2023-01-16 15:20:30] Refunding an item
[2023-01-16 15:20:34] Order was found in the list
[2023-01-16 15:20:35] Item was found in the list
[2023-01-16 15:20:36] The total price of the order was changed.
[2023-01-16 15:20:36] Item refunded from the Order.
[2023-01-16 15:20:37] Wrote the changes to the books file
[2023-01-16 15:20:37] Wrote the changes to the customers file
[2023-01-16 15:20:39] Customer found.
[2023-01-16 15:20:39] Printed items list.
[2023-01-16 15:20:39] Printed items list.
[2023-01-16 15:20:45] Printing customers orders
[2023-01-16 15:20:48] Deleting a Customer
[2023-01-16 15:20:51] Customer removed from the customers list.
[2023-01-16 15:20:51] Customer's not found.
[2023-01-16 15:20:53] Wrote the changes to the customers file
[2023-01-16 15:20:55] Creating a new order
[2023-01-16 15:20:55] Customer doesn't exists.
[2023-01-16 15:20:57] Customer created.
[2023-01-16 15:21:00] Order Item created successfully
[2023-01-16 15:21:00] New item added to the items list
[2023-01-16 15:21:00] Item added succesfuly to the order.
[2023-01-16 15:21:03] Order Item created successfully
[2023-01-16 15:21:03] New item added to the items list
[2023-01-16 15:21:03] Item added succesfuly to the order.
[2023-01-16 15:21:04] The total price of the order was changed.
[2023-01-16 15:21:04] Order created successfuly.
[2023-01-16 15:21:04] Printed items list.
[2023-01-16 15:21:10] Wrote the changes to the customers file
[2023-01-16 15:21:10] Wrote the changes to the books file
[2023-01-16 15:21:14] Customer found.
[2023-01-16 15:21:14] Printed items list.
[2023-01-16 15:21:15] Printing customers orders
[2023-01-16 15:21:19] Customer found.
[2023-01-16 15:21:19] Printed items list.
[2023-01-16 15:21:19] Printing customers orders
[2023-01-16 15:21:22] Customer found.
[2023-01-16 15:21:22] Printed items list.
[2023-01-16 15:21:31] Printing customers orders
[2023-01-16 15:21:33] Refunding an item
[2023-01-16 15:21:37] Order was found in the list
[2023-01-16 15:21:39] Item was found in the list
[2023-01-16 15:21:40] The total price of the order was changed.
[2023-01-16 15:21:40] Item refunded from the Order.
[2023-01-16 15:21:41] Wrote the changes to the books file
[2023-01-16 15:21:41] Wrote the changes to the customers file
[2023-01-16 15:21:43] Customer found.
[2023-01-16 15:21:43] Printed items list.
[2023-01-16 15:22:15] Printing customers orders
[2023-01-16 15:22:17] Logging out and exit ..
[2023-01-16 15:22:23] Read books.bin
[2023-01-16 15:22:23] Read employee.bin
[2023-01-16 15:22:23] Read customers.bin
[2023-01-16 15:22:26] Read username and password
[2023-01-16 15:22:26] User logged in
[2023-01-16 15:22:26] Login successful
[2023-01-16 15:22:29] Refunding an item
[2023-01-16 15:22:32] Order was found in the list
[2023-01-16 15:22:32] Item was found in the list
[2023-01-16 15:22:34] The total price of the order was changed.
[2023-01-16 15:22:34] Item refunded from the Order.
[2023-01-16 15:22:35] Wrote the changes to the books file
[2023-01-16 15:22:35] Wrote the changes to the customers file
[2023-01-16 15:22:38] Customer found.
[2023-01-16 15:22:38] Printed items list.
[2023-01-16 15:22:43] Printing customers orders
[2023-01-16 15:22:45] Refunding an item
[2023-01-16 15:22:47] Order was found in the list
[2023-01-16 15:22:47] Item was found in the list
[2023-01-16 15:22:48] The total price of the order was changed.
[2023-01-16 15:22:48] Item refunded from the Order.
[2023-01-16 15:22:49] Wrote the changes to the books file
[2023-01-16 15:22:49] Wrote the changes to the customers file
[2023-01-16 15:22:51] Customer found.
[2023-01-16 15:22:51] Printed items list.
[2023-01-16 15:22:57] Printing customers orders
[2023-01-16 15:22:59] Logging out and exit ..
