c:\users\iassis\source\repos\bookstore_hit\debug\vc142.pdb
c:\users\iassis\source\repos\bookstore_hit\debug\vc142.idb
c:\users\iassis\source\repos\bookstore_hit\debug\orderlistnode.obj
c:\users\iassis\source\repos\bookstore_hit\debug\orderitemnode.obj
c:\users\iassis\source\repos\bookstore_hit\debug\menu.obj
c:\users\iassis\source\repos\bookstore_hit\debug\main.obj
c:\users\iassis\source\repos\bookstore_hit\debug\logfunction.obj
c:\users\iassis\source\repos\bookstore_hit\debug\employee.obj
c:\users\iassis\source\repos\bookstore_hit\debug\customer.obj
c:\users\iassis\source\repos\bookstore_hit\debug\crypto.obj
c:\users\iassis\source\repos\bookstore_hit\debug\bookshashtable.obj
c:\users\iassis\source\repos\bookstore_hit\debug\book.obj
c:\users\iassis\source\repos\bookstore_hit\debug\bookstore_hit.exe
c:\users\iassis\source\repos\bookstore_hit\debug\bookstore_hit.ilk
c:\users\iassis\source\repos\bookstore_hit\debug\bookstore_hit.pdb
c:\users\iassis\source\repos\bookstore_hit\debug\bookstore_hit.tlog\cl.command.1.tlog
c:\users\iassis\source\repos\bookstore_hit\debug\bookstore_hit.tlog\cl.read.1.tlog
c:\users\iassis\source\repos\bookstore_hit\debug\bookstore_hit.tlog\cl.write.1.tlog
c:\users\iassis\source\repos\bookstore_hit\debug\bookstore_hit.tlog\link.command.1.tlog
c:\users\iassis\source\repos\bookstore_hit\debug\bookstore_hit.tlog\link.read.1.tlog
c:\users\iassis\source\repos\bookstore_hit\debug\bookstore_hit.tlog\link.write.1.tlog
